{"C:\\Users\\Vladimir\\Downloads\\Netology\\Домашние задания продвинутый Javascript\\Object properties\\2nd task\\src\\js\\destructObject.js": {"path":"C:\\Users\\Vladimir\\Downloads\\Netology\\Домашние задания продвинутый Javascript\\Object properties\\2nd task\\src\\js\\destructObject.js","statementMap":{"0":{"start":{"line":2,"column":22},"end":{"line":2,"column":25}},"1":{"start":{"line":4,"column":15},"end":{"line":4,"column":17}},"2":{"start":{"line":6,"column":2},"end":{"line":14,"column":3}},"3":{"start":{"line":9,"column":8},"end":{"line":9,"column":12}},"4":{"start":{"line":11,"column":4},"end":{"line":13,"column":7}},"5":{"start":{"line":16,"column":2},"end":{"line":16,"column":14}}},"fnMap":{"0":{"name":"destructObject","decl":{"start":{"line":1,"column":24},"end":{"line":1,"column":38}},"loc":{"start":{"line":1,"column":44},"end":{"line":17,"column":1}},"line":1}},"branchMap":{"0":{"loc":{"start":{"line":8,"column":22},"end":{"line":8,"column":57}},"type":"default-arg","locations":[{"start":{"line":8,"column":36},"end":{"line":8,"column":57}}],"line":8}},"s":{"0":1,"1":1,"2":1,"3":2,"4":2,"5":1},"f":{"0":1},"b":{"0":[1]},"_coverageSchema":"43e27e138ebf9cfc5966b082cf9a028302ed4184","hash":"30a80225df7af27dc1687e9f2ce3c89d0494c628"}
}
